<?xml version="1.0" encoding="UTF-8"?>
<testsuite name="testproject.CalculatorTest" tests="2" skipped="0" failures="0" errors="0" timestamp="2024-01-23T12:15:26" hostname="DESKTOP-BQDIJPD" time="0.033">
  <properties/>
  <testcase name="testSum()" classname="testproject.CalculatorTest" time="0.03"/>
  <testcase name="testSubtract()" classname="testproject.CalculatorTest" time="0.002"/>
  <system-out><![CDATA[]]></system-out>
  <system-err><![CDATA[]]></system-err>
</testsuite>
